 INFO: nweb starting:8183:7831
 INFO: request:GET / HTTP/1.1**Host: 127.0.0.1:8183**Connection: keep-alive**Accept: text/html,application/xhtml+xml,application/xml;q=0.9,image/webp,*/*;q=0.8**User-Agent: Mozilla/5.0 (X11; Linux x86_64) AppleWebKit/537.36 (KHTML, like Gecko) Chrome/37.0.2062.120 Safari/537.36**DNT: 1**Accept-Encoding: gzip,deflate,sdch**Accept-Language: zh,zh-CN;q=0.8,en-GB;q=0.6,en;q=0.4,en-US;q=0.2****:1
 INFO: SEND:index.html:1
 INFO: Header:HTTP/1.1 200 OK
Server: nweb/23.0
Content-Length: 1968
Connection: close
Content-Type: text/html

:1
 INFO: request:GET /rename.jpg HTTP/1.1**Host: 127.0.0.1:8183**Connection: keep-alive**Accept: image/webp,*/*;q=0.8**User-Agent: Mozilla/5.0 (X11; Linux x86_64) AppleWebKit/537.36 (KHTML, like Gecko) Chrome/37.0.2062.120 Safari/537.36**DNT: 1**Referer: http://127.0.0.1:8183/**Accept-Encoding: gzip,deflate,sdch**Accept-Language: zh,zh-CN;q=0.8,en-GB;q=0.6,en;q=0.4,en-US;q=0.2****:2
 INFO: SEND:rename.jpg:2
 INFO: Header:HTTP/1.1 200 OK
Server: nweb/23.0
Content-Length: 11731
Connection: close
Content-Type: image/jpg

:2
 INFO: request:GET /favicon.ico HTTP/1.1**Host: 127.0.0.1:8183**Connection: keep-alive**Accept: */***DNT: 1**User-Agent: Mozilla/5.0 (X11; Linux x86_64) AppleWebKit/537.36 (KHTML, like Gecko) Chrome/37.0.2062.120 Safari/537.36**Accept-Encoding: gzip,deflate,sdch**Accept-Language: zh,zh-CN;q=0.8,en-GB;q=0.6,en;q=0.4,en-US;q=0.2****:3
NOT FOUND: failed to open file:favicon.ico
 INFO: nweb starting:8181:19037
 INFO: request:GET / HTTP/1.1**Host: 127.0.0.1:8181**User-Agent: Mozilla/5.0 (X11; Ubuntu; Linux armv7l; rv:35.0) Gecko/20100101 Firefox/35.0**Accept: text/html,application/xhtml+xml,application/xml;q=0.9,*/*;q=0.8**Accept-Language: en-US,en;q=0.5**Accept-Encoding: gzip, deflate**Connection: keep-alive****:1
 INFO: SEND:index.html:1
 INFO: Header:HTTP/1.1 200 OK
Server: nweb/23.0
Content-Length: 1968
Connection: close
Content-Type: text/html

:1
 INFO: request:GET /rename.jpg HTTP/1.1**Host: 127.0.0.1:8181**User-Agent: Mozilla/5.0 (X11; Ubuntu; Linux armv7l; rv:35.0) Gecko/20100101 Firefox/35.0**Accept: image/png,image/*;q=0.8,*/*;q=0.5**Accept-Language: en-US,en;q=0.5**Accept-Encoding: gzip, deflate**Referer: http://127.0.0.1:8181/**Connection: keep-alive****:2
 INFO: SEND:rename.jpg:2
 INFO: Header:HTTP/1.1 200 OK
Server: nweb/23.0
Content-Length: 11731
Connection: close
Content-Type: image/jpg

:2
 INFO: request:GET /favicon.ico HTTP/1.1**Host: 127.0.0.1:8181**User-Agent: Mozilla/5.0 (X11; Ubuntu; Linux armv7l; rv:35.0) Gecko/20100101 Firefox/35.0**Accept: image/png,image/*;q=0.8,*/*;q=0.5**Accept-Language: en-US,en;q=0.5**Accept-Encoding: gzip, deflate**Connection: keep-alive****:3
 INFO: SEND:favicon.ico:3
 INFO: Header:HTTP/1.1 200 OK
Server: nweb/23.0
Content-Length: 1334
Connection: close
Content-Type: image/ico

:3
 INFO: request:GET /favicon.ico HTTP/1.1**Host: 127.0.0.1:8181**User-Agent: Mozilla/5.0 (X11; Ubuntu; Linux armv7l; rv:35.0) Gecko/20100101 Firefox/35.0**Accept: text/html,application/xhtml+xml,application/xml;q=0.9,*/*;q=0.8**Accept-Language: en-US,en;q=0.5**Accept-Encoding: gzip, deflate**Connection: keep-alive****:4
 INFO: SEND:favicon.ico:4
 INFO: Header:HTTP/1.1 200 OK
Server: nweb/23.0
Content-Length: 1334
Connection: close
Content-Type: image/ico

:4
 INFO: request:GET / HTTP/1.1**Host: 127.0.0.1:8181**User-Agent: Mozilla/5.0 (X11; Ubuntu; Linux armv7l; rv:35.0) Gecko/20100101 Firefox/35.0**Accept: text/html,application/xhtml+xml,application/xml;q=0.9,*/*;q=0.8**Accept-Language: en-US,en;q=0.5**Accept-Encoding: gzip, deflate**Connection: keep-alive**Cache-Control: max-age=0****:5
 INFO: SEND:index.html:5
 INFO: Header:HTTP/1.1 200 OK
Server: nweb/23.0
Content-Length: 1968
Connection: close
Content-Type: text/html

:5
 INFO: request:GET /rename.jpg HTTP/1.1**Host: 127.0.0.1:8181**User-Agent: Mozilla/5.0 (X11; Ubuntu; Linux armv7l; rv:35.0) Gecko/20100101 Firefox/35.0**Accept: image/png,image/*;q=0.8,*/*;q=0.5**Accept-Language: en-US,en;q=0.5**Accept-Encoding: gzip, deflate**Referer: http://127.0.0.1:8181/**Connection: keep-alive**Cache-Control: max-age=0****:6
 INFO: SEND:rename.jpg:6
 INFO: Header:HTTP/1.1 200 OK
Server: nweb/23.0
Content-Length: 11731
Connection: close
Content-Type: image/jpg

:6
 INFO: request:GET /favicon.ico HTTP/1.1**Host: 127.0.0.1:8181**User-Agent: Mozilla/5.0 (X11; Ubuntu; Linux armv7l; rv:35.0) Gecko/20100101 Firefox/35.0**Accept: text/html,application/xhtml+xml,application/xml;q=0.9,*/*;q=0.8**Accept-Language: en-US,en;q=0.5**Accept-Encoding: gzip, deflate**Connection: keep-alive****:7
 INFO: SEND:favicon.ico:7
 INFO: Header:HTTP/1.1 200 OK
Server: nweb/23.0
Content-Length: 1334
Connection: close
Content-Type: image/ico

:7
